<?xml version="1.0" encoding="UTF-8"?>
<testng-results ignored="0" total="1" passed="1" failed="0" skipped="0">
  <reporter-output>
  </reporter-output>
  <suite started-at="2024-11-05T10:37:16 EST" name="Default suite" finished-at="2024-11-05T10:37:18 EST" duration-ms="2786">
    <groups>
    </groups>
    <test started-at="2024-11-05T10:37:16 EST" name="Default test" finished-at="2024-11-05T10:37:18 EST" duration-ms="2786">
      <class name="tests.api.JiraCreateIssue">
        <test-method signature="createIssue()[pri:0, instance:tests.api.JiraCreateIssue@73a1e9a9]" started-at="2024-11-05T10:37:16 EST" name="createIssue" finished-at="2024-11-05T10:37:18 EST" duration-ms="2755" status="PASS">
          <reporter-output>
          </reporter-output>
        </test-method> <!-- createIssue -->
      </class> <!-- tests.api.JiraCreateIssue -->
    </test> <!-- Default test -->
  </suite> <!-- Default suite -->
</testng-results>
